<?xml version="1.0" encoding="UTF-8"?>
<testng-results ignored="0" total="1" passed="1" failed="0" skipped="0">
  <reporter-output>
  </reporter-output>
  <suite started-at="2022-05-07T21:13:01 IST" name="Default suite" finished-at="2022-05-07T21:13:02 IST" duration-ms="1010">
    <groups>
    </groups>
    <test started-at="2022-05-07T21:13:01 IST" name="Default test" finished-at="2022-05-07T21:13:02 IST" duration-ms="1010">
      <class name="com.userService.deleteUserService">
        <test-method signature="deleteUser()[pri:0, instance:com.userService.deleteUserService@1ba9117e]" started-at="2022-05-07T21:13:01 IST" name="deleteUser" finished-at="2022-05-07T21:13:02 IST" duration-ms="988" status="PASS">
          <reporter-output>
          </reporter-output>
        </test-method> <!-- deleteUser -->
      </class> <!-- com.userService.deleteUserService -->
    </test> <!-- Default test -->
  </suite> <!-- Default suite -->
</testng-results>
