<?xml version="1.0" encoding="UTF-8"?>
<testng-results ignored="0" total="1" passed="1" failed="0" skipped="0">
  <reporter-output>
  </reporter-output>
  <suite started-at="2022-05-07T21:44:12 IST" name="Default suite" finished-at="2022-05-07T21:44:13 IST" duration-ms="991">
    <groups>
    </groups>
    <test started-at="2022-05-07T21:44:12 IST" name="Default test" finished-at="2022-05-07T21:44:13 IST" duration-ms="991">
      <class name="com.interviewerService.UpdateInterviewerService">
        <test-method is-config="true" signature="setupBaseUrl()[pri:0, instance:com.interviewerService.UpdateInterviewerService@2b48a640]" started-at="2022-05-07T21:44:12 IST" name="setupBaseUrl" finished-at="2022-05-07T21:44:12 IST" duration-ms="252" status="PASS">
          <reporter-output>
          </reporter-output>
        </test-method> <!-- setupBaseUrl -->
        <test-method signature="updateDoctor()[pri:0, instance:com.interviewerService.UpdateInterviewerService@2b48a640]" started-at="2022-05-07T21:44:12 IST" name="updateDoctor" finished-at="2022-05-07T21:44:13 IST" duration-ms="723" status="PASS">
          <reporter-output>
          </reporter-output>
        </test-method> <!-- updateDoctor -->
      </class> <!-- com.interviewerService.UpdateInterviewerService -->
    </test> <!-- Default test -->
  </suite> <!-- Default suite -->
</testng-results>
