<?xml version="1.0" encoding="UTF-8"?>
<testng-results ignored="0" total="1" passed="1" failed="0" skipped="0">
  <reporter-output>
  </reporter-output>
  <suite started-at="2022-05-07T20:28:43 IST" name="Default suite" finished-at="2022-05-07T20:28:49 IST" duration-ms="5476">
    <groups>
    </groups>
    <test started-at="2022-05-07T20:28:43 IST" name="Default test" finished-at="2022-05-07T20:28:49 IST" duration-ms="5476">
      <class name="com.emailService.postEmailService">
        <test-method signature="postEmail()[pri:0, instance:com.emailService.postEmailService@1ba9117e]" started-at="2022-05-07T20:28:43 IST" name="postEmail" finished-at="2022-05-07T20:28:49 IST" duration-ms="5455" status="PASS">
          <reporter-output>
          </reporter-output>
        </test-method> <!-- postEmail -->
      </class> <!-- com.emailService.postEmailService -->
    </test> <!-- Default test -->
  </suite> <!-- Default suite -->
</testng-results>
