<?xml version="1.0" encoding="UTF-8"?>
<testng-results ignored="0" total="1" passed="1" failed="0" skipped="0">
  <reporter-output>
  </reporter-output>
  <suite started-at="2022-05-07T21:46:53 IST" name="Default suite" finished-at="2022-05-07T21:46:54 IST" duration-ms="1080">
    <groups>
    </groups>
    <test started-at="2022-05-07T21:46:53 IST" name="Default test" finished-at="2022-05-07T21:46:54 IST" duration-ms="1080">
      <class name="com.tag_service.updateUsingSlotId">
        <test-method is-config="true" signature="setupBaseUrl()[pri:0, instance:com.tag_service.updateUsingSlotId@2b48a640]" started-at="2022-05-07T21:46:53 IST" name="setupBaseUrl" finished-at="2022-05-07T21:46:54 IST" duration-ms="272" status="PASS">
          <reporter-output>
          </reporter-output>
        </test-method> <!-- setupBaseUrl -->
        <test-method signature="updateDoctor()[pri:0, instance:com.tag_service.updateUsingSlotId@2b48a640]" started-at="2022-05-07T21:46:54 IST" name="updateDoctor" finished-at="2022-05-07T21:46:54 IST" duration-ms="792" status="PASS">
          <reporter-output>
          </reporter-output>
        </test-method> <!-- updateDoctor -->
      </class> <!-- com.tag_service.updateUsingSlotId -->
    </test> <!-- Default test -->
  </suite> <!-- Default suite -->
</testng-results>
