<?xml version="1.0" encoding="UTF-8"?>
<testng-results ignored="0" total="1" passed="1" failed="0" skipped="0">
  <reporter-output>
  </reporter-output>
  <suite started-at="2022-05-06T10:02:18 IST" name="Default suite" finished-at="2022-05-06T10:02:19 IST" duration-ms="909">
    <groups>
    </groups>
    <test started-at="2022-05-06T10:02:18 IST" name="Default test" finished-at="2022-05-06T10:02:19 IST" duration-ms="909">
      <class name="com.authentication.Login">
        <test-method signature="log()[pri:0, instance:com.authentication.Login@1ba9117e]" started-at="2022-05-06T10:02:18 IST" name="log" finished-at="2022-05-06T10:02:19 IST" duration-ms="878" status="PASS">
          <reporter-output>
          </reporter-output>
        </test-method> <!-- log -->
      </class> <!-- com.authentication.Login -->
    </test> <!-- Default test -->
  </suite> <!-- Default suite -->
</testng-results>
